2025-09-07 16:18:09,880 - INFO - Interface Enabler started
2025-09-07 16:18:19,947 - INFO - Connecting to YE41F7VK00003B1
2025-09-07 16:18:20,121 - INFO - Connected (version 2.0, client OpenSSH_9.6p1)
2025-09-07 16:18:20,815 - INFO - Authentication (password) successful!
2025-09-07 16:18:23,180 - INFO - Successfully connected to device
2025-09-07 16:18:23,180 - INFO - Executing bulk configuration:
2025-09-07 16:18:23,181 - INFO - Bulk config:
configure
interfaces
ge400-0/0/0 speed 100
ge400-0/0/10 speed 100
ge400-0/0/11 speed 100
ge400-0/0/12 speed 100
ge400-0/0/13 speed 100
ge400-0/0/14 speed 100
ge400-0/0/15 speed 100
ge400-0/0/16 speed 100
ge400-0/0/18 speed 100
ge400-0/0/2 speed 100
ge400-0/0/20 speed 100
ge400-0/0/21 speed 100
ge400-0/0/22 speed 100
ge400-0/0/23 speed 100
ge400-0/0/24 speed 100
ge400-0/0/25 speed 100
ge400-0/0/26 speed 100
ge400-0/0/27 speed 100
ge400-0/0/28 speed 100
ge400-0/0/29 speed 100
ge400-0/0/3 speed 100
ge400-0/0/30 speed 100
ge400-0/0/31 speed 100
ge400-0/0/32 speed 100
ge400-0/0/33 speed 100
ge400-0/0/34 speed 100
ge400-0/0/4 speed 100
ge400-0/0/5 speed 100
ge400-0/0/6 speed 100
ge400-0/0/7 speed 100
ge400-0/0/8 speed 100
ge400-0/0/9 speed 100
top
2025-09-07 16:18:28,186 - INFO - Bulk configuration completed
2025-09-07 16:18:28,186 - INFO - Committing configuration
2025-09-07 16:18:42,701 - INFO - Commit succeeded - confirmed by device
2025-09-07 16:18:42,701 - INFO - Configuration committed successfully
2025-09-07 16:18:42,701 - INFO - Network Mapper started
2025-09-07 16:18:42,701 - INFO - Starting network_mapper validation for NEW-NCP3
2025-09-07 16:18:42,701 - INFO - Starting monitoring mode for device: NEW-NCP3
2025-09-07 16:18:42,702 - INFO - Loaded credentials for existing device: NEW-NCP3
2025-09-07 16:18:42,702 - INFO - Attempting to connect to YE41F7VK00003B1
2025-09-07 16:18:42,874 - INFO - Connected (version 2.0, client OpenSSH_9.6p1)
2025-09-07 16:18:43,567 - INFO - Authentication (password) successful!
2025-09-07 16:18:45,936 - INFO - Successfully connected to device
2025-09-07 16:18:45,937 - INFO - Waiting for CLI to be ready
2025-09-07 16:18:47,939 - INFO - CLI is ready - detected prompt: 'NEW-NCP3#'
2025-09-07 16:18:47,939 - INFO - Executing command: show interfaces | no-more
2025-09-07 16:18:50,442 - INFO - Parsing interface information
2025-09-07 16:18:50,443 - INFO - Detected DRIVENETS device format
2025-09-07 16:18:50,443 - INFO - Parsing DRIVENETS interface information
2025-09-07 16:18:50,444 - INFO - Parsing DRIVENETS tabular format with 34 interface lines
2025-09-07 16:18:50,445 - INFO - DRIVENETS interface information saved to Devices/NEW-NCP3/NEW-NCP3_interfaces.json
2025-09-07 16:18:50,445 - INFO - Total interfaces found: 34
2025-09-07 16:18:50,445 - INFO - Executing command: show lldp neighbors | no-more
2025-09-07 16:18:52,447 - INFO - Parsing LLDP neighbor information
2025-09-07 16:18:52,448 - INFO - LLDP information saved to Devices/NEW-NCP3/NEW-NCP3_LLDP_Connections.json
2025-09-07 16:18:52,449 - INFO - Total active LLDP connections: 3
2025-09-07 16:18:52,449 - INFO - Connected neighbors: 3
2025-09-07 16:18:52,449 - INFO - Monitoring cycle completed for NEW-NCP3
2025-09-07 16:18:52,449 - INFO - Disconnected from device
2025-09-07 16:18:52,449 - INFO - Disconnected from device
