2025-09-07 16:16:00,563 - INFO - Interface Enabler started
2025-09-07 16:16:33,134 - INFO - Connecting to YE41F7VK00003B1
2025-09-07 16:16:33,309 - INFO - Connected (version 2.0, client OpenSSH_9.6p1)
2025-09-07 16:16:34,003 - INFO - Authentication (password) successful!
2025-09-07 16:16:36,368 - INFO - Successfully connected to device
2025-09-07 16:16:36,368 - INFO - Executing bulk configuration:
2025-09-07 16:16:36,368 - INFO - Bulk config:
configure
interfaces
ge400-0/0/0 admin-state enabled
ge400-0/0/10 admin-state enabled
ge400-0/0/11 admin-state enabled
ge400-0/0/12 admin-state enabled
ge400-0/0/13 admin-state enabled
ge400-0/0/14 admin-state enabled
ge400-0/0/15 admin-state enabled
ge400-0/0/16 admin-state enabled
ge400-0/0/18 admin-state enabled
ge400-0/0/2 admin-state enabled
ge400-0/0/20 admin-state enabled
ge400-0/0/21 admin-state enabled
ge400-0/0/22 admin-state enabled
ge400-0/0/23 admin-state enabled
ge400-0/0/24 admin-state enabled
ge400-0/0/25 admin-state enabled
ge400-0/0/26 admin-state enabled
ge400-0/0/27 admin-state enabled
ge400-0/0/28 admin-state enabled
ge400-0/0/29 admin-state enabled
ge400-0/0/3 admin-state enabled
ge400-0/0/30 admin-state enabled
ge400-0/0/31 admin-state enabled
ge400-0/0/32 admin-state enabled
ge400-0/0/33 admin-state enabled
ge400-0/0/34 admin-state enabled
ge400-0/0/4 admin-state enabled
ge400-0/0/5 admin-state enabled
ge400-0/0/6 admin-state enabled
ge400-0/0/7 admin-state enabled
ge400-0/0/8 admin-state enabled
ge400-0/0/9 admin-state enabled
top
2025-09-07 16:16:41,373 - INFO - Bulk configuration completed
2025-09-07 16:16:41,373 - INFO - Committing configuration
2025-09-07 16:16:43,375 - INFO - Commit succeeded - confirmed by device
2025-09-07 16:16:43,376 - INFO - Configuration committed successfully
2025-09-07 16:16:43,376 - INFO - Network Mapper started
2025-09-07 16:16:43,376 - INFO - Starting network_mapper validation for NEW-NCP3
2025-09-07 16:16:43,376 - INFO - Starting monitoring mode for device: NEW-NCP3
2025-09-07 16:16:43,377 - INFO - Loaded credentials for existing device: NEW-NCP3
2025-09-07 16:16:43,377 - INFO - Attempting to connect to YE41F7VK00003B1
2025-09-07 16:16:43,549 - INFO - Connected (version 2.0, client OpenSSH_9.6p1)
2025-09-07 16:16:44,247 - INFO - Authentication (password) successful!
2025-09-07 16:16:46,612 - INFO - Successfully connected to device
2025-09-07 16:16:46,612 - INFO - Waiting for CLI to be ready
2025-09-07 16:16:48,615 - INFO - CLI is ready - detected prompt: 'NEW-NCP3#'
2025-09-07 16:16:48,615 - INFO - Executing command: show interfaces | no-more
2025-09-07 16:16:51,118 - INFO - Parsing interface information
2025-09-07 16:16:51,118 - INFO - Detected DRIVENETS device format
2025-09-07 16:16:51,118 - INFO - Parsing DRIVENETS interface information
2025-09-07 16:16:51,119 - INFO - Parsing DRIVENETS tabular format with 34 interface lines
2025-09-07 16:16:51,120 - INFO - DRIVENETS interface information saved to Devices/NEW-NCP3/NEW-NCP3_interfaces.json
2025-09-07 16:16:51,120 - INFO - Total interfaces found: 34
2025-09-07 16:16:51,121 - INFO - Executing command: show lldp neighbors | no-more
2025-09-07 16:16:53,123 - INFO - Parsing LLDP neighbor information
2025-09-07 16:16:53,124 - INFO - LLDP information saved to Devices/NEW-NCP3/NEW-NCP3_LLDP_Connections.json
2025-09-07 16:16:53,124 - INFO - Total active LLDP connections: 4
2025-09-07 16:16:53,124 - INFO - Connected neighbors: 4
2025-09-07 16:16:53,125 - INFO - Monitoring cycle completed for NEW-NCP3
2025-09-07 16:16:53,125 - INFO - Disconnected from device
2025-09-07 16:16:53,126 - INFO - Disconnected from device
