2025-09-07 16:06:37,063 - INFO - Interface Enabler started
2025-09-07 16:06:45,079 - INFO - Connecting to YE41F7VK00003B1
2025-09-07 16:06:45,253 - INFO - Connected (version 2.0, client OpenSSH_9.6p1)
2025-09-07 16:06:45,947 - INFO - Authentication (password) successful!
2025-09-07 16:06:48,312 - INFO - Successfully connected to device
2025-09-07 16:06:48,313 - INFO - Executing bulk configuration:
2025-09-07 16:06:48,313 - INFO - Bulk config:
configure
interfaces
ge400-0/0/0 admin-state disabled
ge400-0/0/10 admin-state disabled
ge400-0/0/11 admin-state disabled
ge400-0/0/12 admin-state disabled
ge400-0/0/13 admin-state disabled
ge400-0/0/14 admin-state disabled
ge400-0/0/15 admin-state disabled
ge400-0/0/16 admin-state disabled
ge400-0/0/18 admin-state disabled
ge400-0/0/2 admin-state disabled
ge400-0/0/20 admin-state disabled
ge400-0/0/21 admin-state disabled
ge400-0/0/22 admin-state disabled
ge400-0/0/23 admin-state disabled
ge400-0/0/24 admin-state disabled
ge400-0/0/25 admin-state disabled
ge400-0/0/26 admin-state disabled
ge400-0/0/27 admin-state disabled
ge400-0/0/28 admin-state disabled
ge400-0/0/29 admin-state disabled
ge400-0/0/3 admin-state disabled
ge400-0/0/30 admin-state disabled
ge400-0/0/31 admin-state disabled
ge400-0/0/32 admin-state disabled
ge400-0/0/33 admin-state disabled
ge400-0/0/34 admin-state disabled
ge400-0/0/4 admin-state disabled
ge400-0/0/5 admin-state disabled
ge400-0/0/6 admin-state disabled
ge400-0/0/7 admin-state disabled
ge400-0/0/8 admin-state disabled
ge400-0/0/9 admin-state disabled
top
2025-09-07 16:06:53,318 - INFO - Bulk configuration completed
2025-09-07 16:06:53,319 - INFO - Committing configuration
2025-09-07 16:06:55,321 - INFO - Commit succeeded - confirmed by device
2025-09-07 16:06:55,321 - INFO - Configuration committed successfully
2025-09-07 16:06:55,321 - INFO - Network Mapper started
2025-09-07 16:06:55,322 - INFO - Disconnected from device
