2025-09-07 16:51:44,775 - INFO - Interface Enabler started
2025-09-07 16:52:05,592 - INFO - Preparing breakout configuration for ge400-0/0/0
2025-09-07 16:52:05,593 - INFO - Preparing breakout configuration for ge400-0/0/10
2025-09-07 16:52:05,593 - INFO - Preparing breakout configuration for ge400-0/0/11
2025-09-07 16:52:05,593 - INFO - Preparing breakout configuration for ge400-0/0/12
2025-09-07 16:52:05,593 - INFO - Preparing breakout configuration for ge400-0/0/13
2025-09-07 16:52:05,594 - INFO - Preparing breakout configuration for ge400-0/0/14
2025-09-07 16:52:05,594 - INFO - Preparing breakout configuration for ge400-0/0/15
2025-09-07 16:52:05,594 - INFO - Preparing breakout configuration for ge400-0/0/16
2025-09-07 16:52:05,594 - INFO - Preparing breakout configuration for ge400-0/0/18
2025-09-07 16:52:05,594 - INFO - Preparing breakout configuration for ge400-0/0/2
2025-09-07 16:52:05,595 - INFO - Preparing breakout configuration for ge400-0/0/20
2025-09-07 16:52:05,595 - INFO - Preparing breakout configuration for ge400-0/0/21
2025-09-07 16:52:05,595 - INFO - Preparing breakout configuration for ge400-0/0/22
2025-09-07 16:52:05,595 - INFO - Preparing breakout configuration for ge400-0/0/23
2025-09-07 16:52:05,595 - INFO - Preparing breakout configuration for ge400-0/0/24
2025-09-07 16:52:05,595 - INFO - Preparing breakout configuration for ge400-0/0/25
2025-09-07 16:52:05,596 - INFO - Preparing breakout configuration for ge400-0/0/26
2025-09-07 16:52:05,596 - INFO - Preparing breakout configuration for ge400-0/0/27
2025-09-07 16:52:05,596 - INFO - Preparing breakout configuration for ge400-0/0/28
2025-09-07 16:52:05,596 - INFO - Preparing breakout configuration for ge400-0/0/29
2025-09-07 16:52:05,596 - INFO - Preparing breakout configuration for ge400-0/0/3
2025-09-07 16:52:05,596 - INFO - Preparing breakout configuration for ge400-0/0/30
2025-09-07 16:52:05,597 - INFO - Preparing breakout configuration for ge400-0/0/31
2025-09-07 16:52:05,597 - INFO - Preparing breakout configuration for ge400-0/0/32
2025-09-07 16:52:05,597 - INFO - Preparing breakout configuration for ge400-0/0/33
2025-09-07 16:52:05,597 - INFO - Preparing breakout configuration for ge400-0/0/34
2025-09-07 16:52:05,597 - INFO - Preparing breakout configuration for ge400-0/0/4
2025-09-07 16:52:05,597 - INFO - Preparing breakout configuration for ge400-0/0/5
2025-09-07 16:52:05,598 - INFO - Preparing breakout configuration for ge400-0/0/6
2025-09-07 16:52:05,598 - INFO - Preparing breakout configuration for ge400-0/0/7
2025-09-07 16:52:05,598 - INFO - Preparing breakout configuration for ge400-0/0/8
2025-09-07 16:52:05,598 - INFO - Preparing breakout configuration for ge400-0/0/9
2025-09-07 16:52:07,376 - INFO - Connecting to YE41F7VK00003B1
2025-09-07 16:52:07,550 - INFO - Connected (version 2.0, client OpenSSH_9.6p1)
2025-09-07 16:52:08,149 - INFO - Authentication (password) successful!
2025-09-07 16:52:10,519 - INFO - Successfully connected to device
2025-09-07 16:52:10,519 - INFO - Executing bulk configuration:
2025-09-07 16:52:10,519 - INFO - Bulk config:
configure
no interfaces ge400-0/0/0
no protocols lldp interface ge400-0/0/0
no interfaces ge400-0/0/10
no protocols lldp interface ge400-0/0/10
no interfaces ge400-0/0/11
no protocols lldp interface ge400-0/0/11
no interfaces ge400-0/0/12
no protocols lldp interface ge400-0/0/12
no interfaces ge400-0/0/13
no protocols lldp interface ge400-0/0/13
no interfaces ge400-0/0/14
no protocols lldp interface ge400-0/0/14
no interfaces ge400-0/0/15
no protocols lldp interface ge400-0/0/15
no interfaces ge400-0/0/16
no protocols lldp interface ge400-0/0/16
no interfaces ge400-0/0/18
no protocols lldp interface ge400-0/0/18
no interfaces ge400-0/0/2
no protocols lldp interface ge400-0/0/2
no interfaces ge400-0/0/20
no protocols lldp interface ge400-0/0/20
no interfaces ge400-0/0/21
no protocols lldp interface ge400-0/0/21
no interfaces ge400-0/0/22
no protocols lldp interface ge400-0/0/22
no interfaces ge400-0/0/23
no protocols lldp interface ge400-0/0/23
no interfaces ge400-0/0/24
no protocols lldp interface ge400-0/0/24
no interfaces ge400-0/0/25
no protocols lldp interface ge400-0/0/25
no interfaces ge400-0/0/26
no protocols lldp interface ge400-0/0/26
no interfaces ge400-0/0/27
no protocols lldp interface ge400-0/0/27
no interfaces ge400-0/0/28
no protocols lldp interface ge400-0/0/28
no interfaces ge400-0/0/29
no protocols lldp interface ge400-0/0/29
no interfaces ge400-0/0/3
no protocols lldp interface ge400-0/0/3
no interfaces ge400-0/0/30
no protocols lldp interface ge400-0/0/30
no interfaces ge400-0/0/31
no protocols lldp interface ge400-0/0/31
no interfaces ge400-0/0/32
no protocols lldp interface ge400-0/0/32
no interfaces ge400-0/0/33
no protocols lldp interface ge400-0/0/33
no interfaces ge400-0/0/34
no protocols lldp interface ge400-0/0/34
no interfaces ge400-0/0/4
no protocols lldp interface ge400-0/0/4
no interfaces ge400-0/0/5
no protocols lldp interface ge400-0/0/5
no interfaces ge400-0/0/6
no protocols lldp interface ge400-0/0/6
no interfaces ge400-0/0/7
no protocols lldp interface ge400-0/0/7
no interfaces ge400-0/0/8
no protocols lldp interface ge400-0/0/8
no interfaces ge400-0/0/9
no protocols lldp interface ge400-0/0/9
interfaces ge400-0/0/0 breakout 100g-2x
interfaces ge400-0/0/10 breakout 100g-2x
interfaces ge400-0/0/11 breakout 100g-2x
interfaces ge400-0/0/12 breakout 100g-2x
interfaces ge400-0/0/13 breakout 100g-2x
interfaces ge400-0/0/14 breakout 100g-2x
interfaces ge400-0/0/15 breakout 100g-2x
interfaces ge400-0/0/16 breakout 100g-2x
interfaces ge400-0/0/18 breakout 100g-2x
interfaces ge400-0/0/2 breakout 100g-2x
interfaces ge400-0/0/20 breakout 100g-2x
interfaces ge400-0/0/21 breakout 100g-2x
interfaces ge400-0/0/22 breakout 100g-2x
interfaces ge400-0/0/23 breakout 100g-2x
interfaces ge400-0/0/24 breakout 100g-2x
interfaces ge400-0/0/25 breakout 100g-2x
interfaces ge400-0/0/26 breakout 100g-2x
interfaces ge400-0/0/27 breakout 100g-2x
interfaces ge400-0/0/28 breakout 100g-2x
interfaces ge400-0/0/29 breakout 100g-2x
interfaces ge400-0/0/3 breakout 100g-2x
interfaces ge400-0/0/30 breakout 100g-2x
interfaces ge400-0/0/31 breakout 100g-2x
interfaces ge400-0/0/32 breakout 100g-2x
interfaces ge400-0/0/33 breakout 100g-2x
interfaces ge400-0/0/34 breakout 100g-2x
interfaces ge400-0/0/4 breakout 100g-2x
interfaces ge400-0/0/5 breakout 100g-2x
interfaces ge400-0/0/6 breakout 100g-2x
interfaces ge400-0/0/7 breakout 100g-2x
interfaces ge400-0/0/8 breakout 100g-2x
interfaces ge400-0/0/9 breakout 100g-2x
top
2025-09-07 16:52:15,524 - INFO - Bulk configuration completed
2025-09-07 16:52:15,525 - INFO - Committing configuration
2025-09-07 16:53:03,071 - INFO - Commit succeeded - confirmed by device
2025-09-07 16:53:03,073 - INFO - Configuration committed successfully
2025-09-07 16:53:03,073 - INFO - Network Mapper started
2025-09-07 16:53:03,073 - INFO - Starting network_mapper validation for NEW-NCP3
2025-09-07 16:53:03,073 - INFO - Starting monitoring mode for device: NEW-NCP3
2025-09-07 16:53:03,074 - INFO - Loaded credentials for existing device: NEW-NCP3
2025-09-07 16:53:03,074 - INFO - Attempting to connect to YE41F7VK00003B1
2025-09-07 16:53:03,246 - INFO - Connected (version 2.0, client OpenSSH_9.6p1)
2025-09-07 16:53:03,940 - INFO - Authentication (password) successful!
2025-09-07 16:53:06,313 - INFO - Successfully connected to device
2025-09-07 16:53:06,313 - INFO - Waiting for CLI to be ready
2025-09-07 16:53:08,315 - INFO - CLI is ready - detected prompt: 'NEW-NCP3#'
2025-09-07 16:53:08,316 - INFO - Executing command: show interfaces | no-more
2025-09-07 16:53:12,821 - INFO - Parsing interface information
2025-09-07 16:53:12,822 - INFO - Detected DRIVENETS device format
2025-09-07 16:53:12,825 - INFO - Parsing DRIVENETS interface information
2025-09-07 16:53:12,826 - INFO - Parsing DRIVENETS tabular format with 98 interface lines
2025-09-07 16:53:12,829 - INFO - DRIVENETS interface information saved to Devices/NEW-NCP3/NEW-NCP3_interfaces.json
2025-09-07 16:53:12,829 - INFO - Total interfaces found: 98
2025-09-07 16:53:12,830 - INFO - Executing command: show interfaces detail | no-more
2025-09-07 16:53:38,868 - INFO - Parsing detailed interface information
2025-09-07 16:53:38,891 - INFO - Detailed interface information saved to Devices/NEW-NCP3/NEW-NCP3_interfaces_detail.json
2025-09-07 16:53:38,892 - INFO - Total detailed interfaces processed: 98
2025-09-07 16:53:38,892 - INFO - Executing command: show lldp neighbors | no-more
2025-09-07 16:53:40,894 - INFO - Parsing LLDP neighbor information
2025-09-07 16:53:40,897 - INFO - LLDP information saved to Devices/NEW-NCP3/NEW-NCP3_LLDP_Connections.json
2025-09-07 16:53:40,897 - INFO - Total active LLDP connections: 0
2025-09-07 16:53:40,897 - INFO - Connected neighbors: 0
2025-09-07 16:53:40,897 - INFO - Monitoring cycle completed for NEW-NCP3
2025-09-07 16:53:40,897 - INFO - Disconnected from device
2025-09-07 16:53:40,898 - INFO - Disconnected from device
