2025-09-07 18:07:45,860 - INFO - Interface Enabler started
2025-09-07 18:08:31,273 - INFO - Connecting to YE41F7VK00003B1
2025-09-07 18:08:31,449 - INFO - Connected (version 2.0, client OpenSSH_9.6p1)
2025-09-07 18:08:32,148 - INFO - Authentication (password) successful!
2025-09-07 18:08:34,516 - INFO - Successfully connected to device
2025-09-07 18:08:34,517 - INFO - Executing bulk configuration:
2025-09-07 18:08:34,517 - INFO - Bulk config:
configure
interfaces
ge100-0/0/0/0 admin-state enabled
ge100-0/0/0/1 admin-state enabled
ge100-0/0/10/0 admin-state enabled
ge100-0/0/10/1 admin-state enabled
ge100-0/0/11/0 admin-state enabled
ge100-0/0/11/1 admin-state enabled
ge100-0/0/12/0 admin-state enabled
ge100-0/0/12/1 admin-state enabled
ge100-0/0/13/0 admin-state enabled
ge100-0/0/13/1 admin-state enabled
ge100-0/0/14/0 admin-state enabled
ge100-0/0/14/1 admin-state enabled
ge100-0/0/15/0 admin-state enabled
ge100-0/0/15/1 admin-state enabled
ge100-0/0/16/0 admin-state enabled
ge100-0/0/16/1 admin-state enabled
ge100-0/0/18/0 admin-state enabled
ge100-0/0/18/1 admin-state enabled
ge100-0/0/2/0 admin-state enabled
ge100-0/0/2/1 admin-state enabled
ge100-0/0/20/0 admin-state enabled
ge100-0/0/20/1 admin-state enabled
ge100-0/0/21/0 admin-state enabled
ge100-0/0/21/1 admin-state enabled
ge100-0/0/22/0 admin-state enabled
ge100-0/0/22/1 admin-state enabled
ge100-0/0/23/0 admin-state enabled
ge100-0/0/23/1 admin-state enabled
ge100-0/0/24/0 admin-state enabled
ge100-0/0/24/1 admin-state enabled
ge100-0/0/25/0 admin-state enabled
ge100-0/0/25/1 admin-state enabled
ge100-0/0/26/0 admin-state enabled
ge100-0/0/26/1 admin-state enabled
ge100-0/0/27/0 admin-state enabled
ge100-0/0/27/1 admin-state enabled
ge100-0/0/28/0 admin-state enabled
ge100-0/0/28/1 admin-state enabled
ge100-0/0/29/0 admin-state enabled
ge100-0/0/29/1 admin-state enabled
ge100-0/0/3/0 admin-state enabled
ge100-0/0/3/1 admin-state enabled
ge100-0/0/30/0 admin-state enabled
ge100-0/0/30/1 admin-state enabled
ge100-0/0/31/0 admin-state enabled
ge100-0/0/31/1 admin-state enabled
ge100-0/0/32/0 admin-state enabled
ge100-0/0/32/1 admin-state enabled
ge100-0/0/33/0 admin-state enabled
ge100-0/0/33/1 admin-state enabled
ge100-0/0/34/0 admin-state enabled
ge100-0/0/34/1 admin-state enabled
ge100-0/0/4/0 admin-state enabled
ge100-0/0/4/1 admin-state enabled
ge100-0/0/5/0 admin-state enabled
ge100-0/0/5/1 admin-state enabled
ge100-0/0/6/0 admin-state enabled
ge100-0/0/6/1 admin-state enabled
ge100-0/0/7/0 admin-state enabled
ge100-0/0/7/1 admin-state enabled
ge100-0/0/8/0 admin-state enabled
ge100-0/0/8/1 admin-state enabled
ge100-0/0/9/0 admin-state enabled
ge100-0/0/9/1 admin-state enabled
top
2025-09-07 18:08:39,521 - INFO - Bulk configuration completed
2025-09-07 18:08:39,522 - INFO - Committing configuration
2025-09-07 18:08:42,025 - INFO - Commit succeeded - confirmed by device
2025-09-07 18:08:42,025 - INFO - Configuration committed successfully
2025-09-07 18:08:42,026 - INFO - Network Mapper started
2025-09-07 18:08:42,026 - INFO - Starting network_mapper validation for NEW-NCP3
2025-09-07 18:08:42,026 - INFO - Starting monitoring mode for device: NEW-NCP3
2025-09-07 18:08:42,026 - INFO - Loaded credentials for existing device: NEW-NCP3
2025-09-07 18:08:42,026 - INFO - Attempting to connect to YE41F7VK00003B1
2025-09-07 18:08:42,199 - INFO - Connected (version 2.0, client OpenSSH_9.6p1)
2025-09-07 18:08:42,899 - INFO - Authentication (password) successful!
2025-09-07 18:08:45,264 - INFO - Successfully connected to device
2025-09-07 18:08:45,264 - INFO - Waiting for CLI to be ready
2025-09-07 18:08:47,267 - INFO - CLI is ready - detected prompt: 'NEW-NCP3#'
2025-09-07 18:08:47,267 - INFO - Executing command: show interfaces | no-more
2025-09-07 18:08:51,772 - INFO - Parsing interface information
2025-09-07 18:08:51,773 - INFO - Detected DRIVENETS device format
2025-09-07 18:08:51,773 - INFO - Parsing DRIVENETS interface information
2025-09-07 18:08:51,774 - INFO - Parsing DRIVENETS tabular format with 98 interface lines
2025-09-07 18:08:51,776 - INFO - DRIVENETS interface information saved to Devices/NEW-NCP3/NEW-NCP3_interfaces.json
2025-09-07 18:08:51,776 - INFO - Total interfaces found: 98
2025-09-07 18:08:51,776 - INFO - Executing command: show interfaces detail | no-more
2025-09-07 18:09:17,812 - INFO - Parsing detailed interface information
2025-09-07 18:09:17,832 - INFO - Detailed interface information saved to Devices/NEW-NCP3/NEW-NCP3_interfaces_detail.json
2025-09-07 18:09:17,832 - INFO - Total detailed interfaces processed: 98
2025-09-07 18:09:17,833 - INFO - Executing command: show lldp neighbors | no-more
2025-09-07 18:09:19,834 - INFO - Parsing LLDP neighbor information
2025-09-07 18:09:19,835 - INFO - LLDP information saved to Devices/NEW-NCP3/NEW-NCP3_LLDP_Connections.json
2025-09-07 18:09:19,835 - INFO - Total active LLDP connections: 0
2025-09-07 18:09:19,835 - INFO - Connected neighbors: 0
2025-09-07 18:09:19,835 - INFO - Monitoring cycle completed for NEW-NCP3
2025-09-07 18:09:19,836 - INFO - Disconnected from device
2025-09-07 18:09:19,836 - INFO - Disconnected from device
