2025-09-07 16:32:19,625 - INFO - Interface Enabler started
2025-09-07 16:33:28,971 - INFO - Connecting to YE41F7VK00003B1
2025-09-07 16:33:29,145 - INFO - Connected (version 2.0, client OpenSSH_9.6p1)
2025-09-07 16:33:29,843 - INFO - Authentication (password) successful!
2025-09-07 16:33:32,208 - INFO - Successfully connected to device
2025-09-07 16:33:32,208 - INFO - Executing bulk configuration:
2025-09-07 16:33:32,209 - INFO - Bulk config:
configure
interfaces
ge400-0/0/0 admin-state enabled
ge400-0/0/10 admin-state enabled
ge400-0/0/11 admin-state enabled
ge400-0/0/12 admin-state enabled
ge400-0/0/13 admin-state enabled
ge400-0/0/14 admin-state enabled
ge400-0/0/15 admin-state enabled
ge400-0/0/16 admin-state enabled
ge400-0/0/18 admin-state enabled
ge400-0/0/2 admin-state enabled
ge400-0/0/20 admin-state enabled
ge400-0/0/21 admin-state enabled
ge400-0/0/22 admin-state enabled
ge400-0/0/23 admin-state enabled
ge400-0/0/24 admin-state enabled
ge400-0/0/25 admin-state enabled
ge400-0/0/26 admin-state enabled
ge400-0/0/27 admin-state enabled
ge400-0/0/28 admin-state enabled
ge400-0/0/29 admin-state enabled
ge400-0/0/3 admin-state enabled
ge400-0/0/30 admin-state enabled
ge400-0/0/31 admin-state enabled
ge400-0/0/32 admin-state enabled
ge400-0/0/33 admin-state enabled
ge400-0/0/34 admin-state enabled
ge400-0/0/4 admin-state enabled
ge400-0/0/5 admin-state enabled
ge400-0/0/6 admin-state enabled
ge400-0/0/7 admin-state enabled
ge400-0/0/8 admin-state enabled
ge400-0/0/9 admin-state enabled
top
2025-09-07 16:33:37,212 - INFO - Bulk configuration completed
2025-09-07 16:33:37,212 - INFO - Committing configuration
2025-09-07 16:33:39,215 - INFO - Commit succeeded - confirmed by device
2025-09-07 16:33:39,215 - INFO - Configuration committed successfully
2025-09-07 16:33:39,215 - INFO - Network Mapper started
2025-09-07 16:33:39,215 - INFO - Starting network_mapper validation for NEW-NCP3
2025-09-07 16:33:39,216 - INFO - Starting monitoring mode for device: NEW-NCP3
2025-09-07 16:33:39,216 - INFO - Loaded credentials for existing device: NEW-NCP3
2025-09-07 16:33:39,216 - INFO - Attempting to connect to YE41F7VK00003B1
2025-09-07 16:33:39,389 - INFO - Connected (version 2.0, client OpenSSH_9.6p1)
2025-09-07 16:33:40,083 - INFO - Authentication (password) successful!
2025-09-07 16:33:42,452 - INFO - Successfully connected to device
2025-09-07 16:33:42,452 - INFO - Waiting for CLI to be ready
2025-09-07 16:33:44,455 - INFO - CLI is ready - detected prompt: 'NEW-NCP3#'
2025-09-07 16:33:44,455 - INFO - Executing command: show interfaces | no-more
2025-09-07 16:33:46,958 - INFO - Parsing interface information
2025-09-07 16:33:46,958 - INFO - Detected DRIVENETS device format
2025-09-07 16:33:46,958 - INFO - Parsing DRIVENETS interface information
2025-09-07 16:33:46,959 - INFO - Parsing DRIVENETS tabular format with 34 interface lines
2025-09-07 16:33:46,960 - INFO - DRIVENETS interface information saved to Devices/NEW-NCP3/NEW-NCP3_interfaces.json
2025-09-07 16:33:46,960 - INFO - Total interfaces found: 34
2025-09-07 16:33:46,960 - INFO - Executing command: show interfaces detail | no-more
2025-09-07 16:33:56,971 - INFO - Parsing detailed interface information
2025-09-07 16:33:56,977 - INFO - Detailed interface information saved to Devices/NEW-NCP3/NEW-NCP3_interfaces_detail.json
2025-09-07 16:33:56,978 - INFO - Total detailed interfaces processed: 34
2025-09-07 16:33:56,978 - INFO - Executing command: show lldp neighbors | no-more
2025-09-07 16:33:58,980 - INFO - Parsing LLDP neighbor information
2025-09-07 16:33:58,981 - INFO - LLDP information saved to Devices/NEW-NCP3/NEW-NCP3_LLDP_Connections.json
2025-09-07 16:33:58,982 - INFO - Total active LLDP connections: 9
2025-09-07 16:33:58,982 - INFO - Connected neighbors: 9
2025-09-07 16:33:58,982 - INFO - Monitoring cycle completed for NEW-NCP3
2025-09-07 16:33:58,982 - INFO - Disconnected from device
2025-09-07 16:33:58,983 - INFO - Disconnected from device
