2025-09-07 16:17:10,368 - INFO - Interface Enabler started
2025-09-07 16:17:16,243 - INFO - Connecting to YE41F7VK00003B1
2025-09-07 16:17:16,420 - INFO - Connected (version 2.0, client OpenSSH_9.6p1)
2025-09-07 16:17:17,111 - INFO - Authentication (password) successful!
2025-09-07 16:17:19,481 - INFO - Successfully connected to device
2025-09-07 16:17:19,481 - INFO - Executing bulk configuration:
2025-09-07 16:17:19,481 - INFO - Bulk config:
configure
interfaces
ge400-0/0/0 admin-state disabled
ge400-0/0/10 admin-state disabled
ge400-0/0/11 admin-state disabled
ge400-0/0/12 admin-state disabled
ge400-0/0/13 admin-state disabled
ge400-0/0/14 admin-state disabled
ge400-0/0/15 admin-state disabled
ge400-0/0/16 admin-state disabled
ge400-0/0/18 admin-state disabled
ge400-0/0/2 admin-state disabled
ge400-0/0/20 admin-state disabled
ge400-0/0/21 admin-state disabled
ge400-0/0/22 admin-state disabled
ge400-0/0/23 admin-state disabled
ge400-0/0/24 admin-state disabled
ge400-0/0/25 admin-state disabled
ge400-0/0/26 admin-state disabled
ge400-0/0/27 admin-state disabled
ge400-0/0/28 admin-state disabled
ge400-0/0/29 admin-state disabled
ge400-0/0/3 admin-state disabled
ge400-0/0/30 admin-state disabled
ge400-0/0/31 admin-state disabled
ge400-0/0/32 admin-state disabled
ge400-0/0/33 admin-state disabled
ge400-0/0/34 admin-state disabled
ge400-0/0/4 admin-state disabled
ge400-0/0/5 admin-state disabled
ge400-0/0/6 admin-state disabled
ge400-0/0/7 admin-state disabled
ge400-0/0/8 admin-state disabled
ge400-0/0/9 admin-state disabled
top
2025-09-07 16:17:24,486 - INFO - Bulk configuration completed
2025-09-07 16:17:24,486 - INFO - Committing configuration
2025-09-07 16:17:26,488 - INFO - Commit succeeded - confirmed by device
2025-09-07 16:17:26,489 - INFO - Configuration committed successfully
2025-09-07 16:17:26,489 - INFO - Network Mapper started
2025-09-07 16:17:26,489 - INFO - Starting network_mapper validation for NEW-NCP3
2025-09-07 16:17:26,489 - INFO - Starting monitoring mode for device: NEW-NCP3
2025-09-07 16:17:26,490 - INFO - Loaded credentials for existing device: NEW-NCP3
2025-09-07 16:17:26,490 - INFO - Attempting to connect to YE41F7VK00003B1
2025-09-07 16:17:26,662 - INFO - Connected (version 2.0, client OpenSSH_9.6p1)
2025-09-07 16:17:27,264 - INFO - Authentication (password) successful!
2025-09-07 16:17:29,632 - INFO - Successfully connected to device
2025-09-07 16:17:29,633 - INFO - Waiting for CLI to be ready
2025-09-07 16:17:31,635 - INFO - CLI is ready - detected prompt: 'NEW-NCP3#'
2025-09-07 16:17:31,636 - INFO - Executing command: show interfaces | no-more
2025-09-07 16:17:34,138 - INFO - Parsing interface information
2025-09-07 16:17:34,139 - INFO - Detected DRIVENETS device format
2025-09-07 16:17:34,139 - INFO - Parsing DRIVENETS interface information
2025-09-07 16:17:34,140 - INFO - Parsing DRIVENETS tabular format with 34 interface lines
2025-09-07 16:17:34,141 - INFO - DRIVENETS interface information saved to Devices/NEW-NCP3/NEW-NCP3_interfaces.json
2025-09-07 16:17:34,142 - INFO - Total interfaces found: 34
2025-09-07 16:17:34,142 - INFO - Executing command: show lldp neighbors | no-more
2025-09-07 16:17:36,144 - INFO - Parsing LLDP neighbor information
2025-09-07 16:17:36,145 - INFO - LLDP information saved to Devices/NEW-NCP3/NEW-NCP3_LLDP_Connections.json
2025-09-07 16:17:36,145 - INFO - Total active LLDP connections: 0
2025-09-07 16:17:36,145 - INFO - Connected neighbors: 0
2025-09-07 16:17:36,145 - INFO - Monitoring cycle completed for NEW-NCP3
2025-09-07 16:17:36,145 - INFO - Disconnected from device
2025-09-07 16:17:36,145 - INFO - Disconnected from device
