2025-09-07 18:25:09,945 - INFO - Interface Enabler started
2025-09-07 18:27:03,865 - INFO - Connecting to YE41F7VK00003B1
2025-09-07 18:27:04,039 - INFO - Connected (version 2.0, client OpenSSH_9.6p1)
2025-09-07 18:27:04,735 - INFO - Authentication (password) successful!
2025-09-07 18:27:07,104 - INFO - Successfully connected to device
2025-09-07 18:27:07,105 - INFO - Executing bulk configuration:
2025-09-07 18:27:07,105 - INFO - Bulk config:
configure
protocols lldp interface ge100-0/0/0/0 ^
protocols lldp interface ge100-0/0/0/1 ^
protocols lldp interface ge100-0/0/10/0 ^
protocols lldp interface ge100-0/0/10/1 ^
protocols lldp interface ge100-0/0/11/0 ^
protocols lldp interface ge100-0/0/11/1 ^
protocols lldp interface ge100-0/0/12/0 ^
protocols lldp interface ge100-0/0/12/1 ^
protocols lldp interface ge100-0/0/13/0 ^
protocols lldp interface ge100-0/0/13/1 ^
protocols lldp interface ge100-0/0/14/0 ^
protocols lldp interface ge100-0/0/14/1 ^
protocols lldp interface ge100-0/0/15/0 ^
protocols lldp interface ge100-0/0/15/1 ^
protocols lldp interface ge100-0/0/16/0 ^
protocols lldp interface ge100-0/0/16/1 ^
protocols lldp interface ge100-0/0/18/0 ^
protocols lldp interface ge100-0/0/18/1 ^
protocols lldp interface ge100-0/0/2/0 ^
protocols lldp interface ge100-0/0/2/1 ^
protocols lldp interface ge100-0/0/20/0 ^
protocols lldp interface ge100-0/0/20/1 ^
protocols lldp interface ge100-0/0/21/0 ^
protocols lldp interface ge100-0/0/21/1 ^
protocols lldp interface ge100-0/0/22/0 ^
protocols lldp interface ge100-0/0/22/1 ^
protocols lldp interface ge100-0/0/23/0 ^
protocols lldp interface ge100-0/0/23/1 ^
protocols lldp interface ge100-0/0/24/0 ^
protocols lldp interface ge100-0/0/24/1 ^
protocols lldp interface ge100-0/0/25/0 ^
protocols lldp interface ge100-0/0/25/1 ^
protocols lldp interface ge100-0/0/26/0 ^
protocols lldp interface ge100-0/0/26/1 ^
protocols lldp interface ge100-0/0/27/0 ^
protocols lldp interface ge100-0/0/27/1 ^
protocols lldp interface ge100-0/0/28/0 ^
protocols lldp interface ge100-0/0/28/1 ^
protocols lldp interface ge100-0/0/29/0 ^
protocols lldp interface ge100-0/0/29/1 ^
protocols lldp interface ge100-0/0/3/0 ^
protocols lldp interface ge100-0/0/3/1 ^
protocols lldp interface ge100-0/0/30/0 ^
protocols lldp interface ge100-0/0/30/1 ^
protocols lldp interface ge100-0/0/31/0 ^
protocols lldp interface ge100-0/0/31/1 ^
protocols lldp interface ge100-0/0/32/0 ^
protocols lldp interface ge100-0/0/32/1 ^
protocols lldp interface ge100-0/0/33/0 ^
protocols lldp interface ge100-0/0/33/1 ^
protocols lldp interface ge100-0/0/34/0 ^
protocols lldp interface ge100-0/0/34/1 ^
protocols lldp interface ge100-0/0/4/0 ^
protocols lldp interface ge100-0/0/4/1 ^
protocols lldp interface ge100-0/0/5/0 ^
protocols lldp interface ge100-0/0/5/1 ^
protocols lldp interface ge100-0/0/6/0 ^
protocols lldp interface ge100-0/0/6/1 ^
protocols lldp interface ge100-0/0/7/0 ^
protocols lldp interface ge100-0/0/7/1 ^
protocols lldp interface ge100-0/0/8/0 ^
protocols lldp interface ge100-0/0/8/1 ^
protocols lldp interface ge100-0/0/9/0 ^
protocols lldp interface ge100-0/0/9/1 ^
top
2025-09-07 18:27:12,110 - INFO - Bulk configuration completed
2025-09-07 18:27:12,110 - INFO - Committing configuration
2025-09-07 18:27:14,113 - INFO - Commit succeeded - confirmed by device
2025-09-07 18:27:14,113 - INFO - Configuration committed successfully
2025-09-07 18:27:14,113 - INFO - Network Mapper started
2025-09-07 18:27:14,113 - INFO - Starting network_mapper validation for NEW-NCP3
2025-09-07 18:27:14,113 - INFO - Starting monitoring mode for device: NEW-NCP3
2025-09-07 18:27:14,114 - INFO - Loaded credentials for existing device: NEW-NCP3
2025-09-07 18:27:14,114 - INFO - Attempting to connect to YE41F7VK00003B1
2025-09-07 18:27:14,286 - INFO - Connected (version 2.0, client OpenSSH_9.6p1)
2025-09-07 18:27:14,979 - INFO - Authentication (password) successful!
2025-09-07 18:27:17,344 - INFO - Successfully connected to device
2025-09-07 18:27:17,345 - INFO - Waiting for CLI to be ready
2025-09-07 18:27:19,346 - INFO - CLI is ready - detected prompt: 'NEW-NCP3#'
2025-09-07 18:27:19,346 - INFO - Executing command: show interfaces | no-more
2025-09-07 18:27:23,851 - INFO - Parsing interface information
2025-09-07 18:27:23,851 - INFO - Detected DRIVENETS device format
2025-09-07 18:27:23,851 - INFO - Parsing DRIVENETS interface information
2025-09-07 18:27:23,852 - INFO - Parsing DRIVENETS tabular format with 98 interface lines
2025-09-07 18:27:23,855 - INFO - DRIVENETS interface information saved to Devices/NEW-NCP3/NEW-NCP3_interfaces.json
2025-09-07 18:27:23,855 - INFO - Total interfaces found: 98
2025-09-07 18:27:23,855 - INFO - Executing command: show interfaces detail | no-more
2025-09-07 18:27:49,893 - INFO - Parsing detailed interface information
2025-09-07 18:27:49,910 - INFO - Detailed interface information saved to Devices/NEW-NCP3/NEW-NCP3_interfaces_detail.json
2025-09-07 18:27:49,910 - INFO - Total detailed interfaces processed: 98
2025-09-07 18:27:49,910 - INFO - Executing command: show lldp neighbors | no-more
2025-09-07 18:27:52,413 - INFO - Parsing LLDP neighbor information
2025-09-07 18:27:52,414 - INFO - LLDP information saved to Devices/NEW-NCP3/NEW-NCP3_LLDP_Connections.json
2025-09-07 18:27:52,414 - INFO - Total active LLDP connections: 13
2025-09-07 18:27:52,414 - INFO - Connected neighbors: 13
2025-09-07 18:27:52,414 - INFO - Monitoring cycle completed for NEW-NCP3
2025-09-07 18:27:52,414 - INFO - Disconnected from device
2025-09-07 18:27:52,415 - INFO - Disconnected from device
