2025-09-07 16:23:08,592 - INFO - Interface Enabler started
2025-09-07 16:23:13,361 - INFO - Connecting to YE41F7VK00003B1
2025-09-07 16:23:13,535 - INFO - Connected (version 2.0, client OpenSSH_9.6p1)
2025-09-07 16:23:14,231 - INFO - Authentication (password) successful!
2025-09-07 16:23:16,597 - INFO - Successfully connected to device
2025-09-07 16:23:16,597 - INFO - Executing bulk configuration:
2025-09-07 16:23:16,597 - INFO - Bulk config:
configure
interfaces
ge400-0/0/0 admin-state disabled
ge400-0/0/10 admin-state disabled
ge400-0/0/11 admin-state disabled
ge400-0/0/12 admin-state disabled
ge400-0/0/13 admin-state disabled
ge400-0/0/14 admin-state disabled
ge400-0/0/15 admin-state disabled
ge400-0/0/16 admin-state disabled
ge400-0/0/18 admin-state disabled
ge400-0/0/2 admin-state disabled
ge400-0/0/20 admin-state disabled
ge400-0/0/21 admin-state disabled
ge400-0/0/22 admin-state disabled
ge400-0/0/23 admin-state disabled
ge400-0/0/24 admin-state disabled
ge400-0/0/25 admin-state disabled
ge400-0/0/26 admin-state disabled
ge400-0/0/27 admin-state disabled
ge400-0/0/28 admin-state disabled
ge400-0/0/29 admin-state disabled
ge400-0/0/3 admin-state disabled
ge400-0/0/30 admin-state disabled
ge400-0/0/31 admin-state disabled
ge400-0/0/32 admin-state disabled
ge400-0/0/33 admin-state disabled
ge400-0/0/34 admin-state disabled
ge400-0/0/4 admin-state disabled
ge400-0/0/5 admin-state disabled
ge400-0/0/6 admin-state disabled
ge400-0/0/7 admin-state disabled
ge400-0/0/8 admin-state disabled
ge400-0/0/9 admin-state disabled
top
2025-09-07 16:23:21,603 - INFO - Bulk configuration completed
2025-09-07 16:23:21,603 - INFO - Committing configuration
2025-09-07 16:23:23,605 - INFO - Commit succeeded - confirmed by device
2025-09-07 16:23:23,605 - INFO - Configuration committed successfully
2025-09-07 16:23:23,606 - INFO - Network Mapper started
2025-09-07 16:23:23,606 - INFO - Starting network_mapper validation for NEW-NCP3
2025-09-07 16:23:23,606 - INFO - Starting monitoring mode for device: NEW-NCP3
2025-09-07 16:23:23,606 - INFO - Loaded credentials for existing device: NEW-NCP3
2025-09-07 16:23:23,606 - INFO - Attempting to connect to YE41F7VK00003B1
2025-09-07 16:23:23,779 - INFO - Connected (version 2.0, client OpenSSH_9.6p1)
2025-09-07 16:23:24,471 - INFO - Authentication (password) successful!
2025-09-07 16:23:26,839 - INFO - Successfully connected to device
2025-09-07 16:23:26,839 - INFO - Waiting for CLI to be ready
2025-09-07 16:23:28,840 - INFO - CLI is ready - detected prompt: 'NEW-NCP3#'
2025-09-07 16:23:28,840 - INFO - Executing command: show interfaces | no-more
2025-09-07 16:23:31,343 - INFO - Parsing interface information
2025-09-07 16:23:31,344 - INFO - Detected DRIVENETS device format
2025-09-07 16:23:31,344 - INFO - Parsing DRIVENETS interface information
2025-09-07 16:23:31,344 - INFO - Parsing DRIVENETS tabular format with 34 interface lines
2025-09-07 16:23:31,345 - INFO - DRIVENETS interface information saved to Devices/NEW-NCP3/NEW-NCP3_interfaces.json
2025-09-07 16:23:31,346 - INFO - Total interfaces found: 34
2025-09-07 16:23:31,346 - INFO - Executing command: show lldp neighbors | no-more
2025-09-07 16:23:33,348 - INFO - Parsing LLDP neighbor information
2025-09-07 16:23:33,349 - INFO - LLDP information saved to Devices/NEW-NCP3/NEW-NCP3_LLDP_Connections.json
2025-09-07 16:23:33,349 - INFO - Total active LLDP connections: 0
2025-09-07 16:23:33,349 - INFO - Connected neighbors: 0
2025-09-07 16:23:33,350 - INFO - Monitoring cycle completed for NEW-NCP3
2025-09-07 16:23:33,350 - INFO - Disconnected from device
2025-09-07 16:23:33,351 - INFO - Disconnected from device
