2025-09-07 16:09:44,897 - INFO - Interface Enabler started
2025-09-07 16:14:58,802 - INFO - Connecting to YE41F7VK00003B1
2025-09-07 16:14:58,976 - INFO - Connected (version 2.0, client OpenSSH_9.6p1)
2025-09-07 16:14:59,667 - INFO - Authentication (password) successful!
2025-09-07 16:15:02,037 - INFO - Successfully connected to device
2025-09-07 16:15:02,037 - INFO - Executing bulk configuration:
2025-09-07 16:15:02,037 - INFO - Bulk config:
configure
interfaces
ge400-0/0/0 admin-state disabled
ge400-0/0/10 admin-state disabled
ge400-0/0/11 admin-state disabled
ge400-0/0/12 admin-state disabled
ge400-0/0/13 admin-state disabled
ge400-0/0/14 admin-state disabled
ge400-0/0/15 admin-state disabled
ge400-0/0/16 admin-state disabled
ge400-0/0/18 admin-state disabled
ge400-0/0/2 admin-state disabled
ge400-0/0/20 admin-state disabled
ge400-0/0/21 admin-state disabled
ge400-0/0/22 admin-state disabled
ge400-0/0/23 admin-state disabled
ge400-0/0/24 admin-state disabled
ge400-0/0/25 admin-state disabled
ge400-0/0/26 admin-state disabled
ge400-0/0/27 admin-state disabled
ge400-0/0/28 admin-state disabled
ge400-0/0/29 admin-state disabled
ge400-0/0/3 admin-state disabled
ge400-0/0/30 admin-state disabled
ge400-0/0/31 admin-state disabled
ge400-0/0/32 admin-state disabled
ge400-0/0/33 admin-state disabled
ge400-0/0/34 admin-state disabled
ge400-0/0/4 admin-state disabled
ge400-0/0/5 admin-state disabled
ge400-0/0/6 admin-state disabled
ge400-0/0/7 admin-state disabled
ge400-0/0/8 admin-state disabled
ge400-0/0/9 admin-state disabled
top
2025-09-07 16:15:07,041 - INFO - Bulk configuration completed
2025-09-07 16:15:07,041 - INFO - Committing configuration
2025-09-07 16:15:09,043 - INFO - Commit succeeded - confirmed by device
2025-09-07 16:15:09,043 - INFO - Configuration committed successfully
2025-09-07 16:15:09,044 - INFO - Network Mapper started
2025-09-07 16:15:09,044 - INFO - Starting network_mapper validation for NEW-NCP3
2025-09-07 16:15:09,044 - INFO - Starting monitoring mode for device: NEW-NCP3
2025-09-07 16:15:09,044 - INFO - Loaded credentials for existing device: NEW-NCP3
2025-09-07 16:15:09,044 - INFO - Attempting to connect to YE41F7VK00003B1
2025-09-07 16:15:09,216 - INFO - Connected (version 2.0, client OpenSSH_9.6p1)
2025-09-07 16:15:09,907 - INFO - Authentication (password) successful!
2025-09-07 16:15:12,271 - INFO - Successfully connected to device
2025-09-07 16:15:12,271 - INFO - Waiting for CLI to be ready
2025-09-07 16:15:14,273 - INFO - CLI is ready - detected prompt: 'NEW-NCP3#'
2025-09-07 16:15:14,274 - INFO - Executing command: show interfaces | no-more
2025-09-07 16:15:16,776 - INFO - Parsing interface information
2025-09-07 16:15:16,777 - INFO - Detected DRIVENETS device format
2025-09-07 16:15:16,777 - INFO - Parsing DRIVENETS interface information
2025-09-07 16:15:16,778 - INFO - Parsing DRIVENETS tabular format with 34 interface lines
2025-09-07 16:15:16,778 - ERROR - Error in monitoring mode for NEW-NCP3: [Errno 2] No such file or directory: 'Devices/unknown_device/NEW-NCP3_interfaces.json'
2025-09-07 16:15:16,778 - INFO - Disconnected from device
2025-09-07 16:15:16,779 - INFO - Disconnected from device
